TN:
SF:src\chartAutomation.js
FN:3,normalizeVaultPath
FN:11,isChartConfigPath
FN:16,chartConfigRoot
FN:29,resolveChartPath
FN:35,chartRunKey
FN:39,parseChartConfigText
FN:44,anonymous_6
FN:45,anonymous_7
FN:53,anonymous_8
FN:56,matchingRunOnSaveCharts
FN:61,anonymous_10
FN:64,anonymous_11
FN:67,outputChartsForCsv
FN:73,ChartRunScheduler
FN:83,schedule
FN:92,anonymous_15
FN:96,fire
FN:119,clear
FNDA:26,normalizeVaultPath
FNDA:1,isChartConfigPath
FNDA:7,chartConfigRoot
FNDA:6,resolveChartPath
FNDA:1,chartRunKey
FNDA:2,parseChartConfigText
FNDA:3,anonymous_6
FNDA:3,anonymous_7
FNDA:3,anonymous_8
FNDA:4,matchingRunOnSaveCharts
FNDA:3,anonymous_10
FNDA:3,anonymous_11
FNDA:0,outputChartsForCsv
FNDA:1,ChartRunScheduler
FNDA:2,schedule
FNDA:1,anonymous_15
FNDA:1,fire
FNDA:0,clear
FNF:18
FNH:16
BRDA:1,0,0,1
BRDA:3,1,0,26
BRDA:11,2,0,1
BRDA:12,3,0,0
BRDA:16,4,0,7
BRDA:19,5,0,4
BRDA:21,6,0,3
BRDA:24,7,0,0
BRDA:26,8,0,0
BRDA:29,9,0,6
BRDA:32,10,0,2
BRDA:32,11,0,4
BRDA:35,12,0,1
BRDA:36,13,0,0
BRDA:39,14,0,2
BRDA:42,15,0,0
BRDA:44,16,0,3
BRDA:45,17,0,3
BRDA:46,18,0,0
BRDA:47,19,0,0
BRDA:48,20,0,0
BRDA:49,21,0,0
BRDA:53,22,0,3
BRDA:56,23,0,4
BRDA:58,24,0,2
BRDA:61,25,0,0
BRDA:63,26,0,2
BRDA:61,27,0,3
BRDA:64,28,0,3
BRDA:64,29,0,2
BRDA:73,30,0,1
BRDA:83,31,0,2
BRDA:87,32,0,1
BRDA:92,33,0,1
BRDA:96,34,0,1
BRDA:100,35,0,0
BRDA:112,36,0,0
BRF:37
BRH:25
DA:1,1
DA:2,1
DA:3,1
DA:4,26
DA:5,26
DA:6,26
DA:7,26
DA:8,26
DA:9,26
DA:10,1
DA:11,1
DA:12,1
DA:13,1
DA:14,1
DA:15,1
DA:16,1
DA:17,7
DA:18,7
DA:19,7
DA:20,4
DA:21,4
DA:22,3
DA:23,3
DA:24,3
DA:25,0
DA:26,7
DA:27,7
DA:28,1
DA:29,1
DA:30,6
DA:31,6
DA:32,6
DA:33,6
DA:34,1
DA:35,1
DA:36,1
DA:37,1
DA:38,1
DA:39,1
DA:40,2
DA:41,2
DA:42,2
DA:43,2
DA:44,2
DA:45,2
DA:46,3
DA:47,3
DA:48,3
DA:49,3
DA:50,3
DA:51,3
DA:52,2
DA:53,2
DA:54,2
DA:55,1
DA:56,1
DA:57,4
DA:58,4
DA:59,2
DA:60,2
DA:61,4
DA:62,0
DA:63,0
DA:64,2
DA:65,4
DA:66,1
DA:67,1
DA:68,0
DA:69,0
DA:70,0
DA:71,1
DA:72,1
DA:73,1
DA:74,1
DA:75,1
DA:76,1
DA:77,1
DA:78,1
DA:79,1
DA:80,1
DA:81,1
DA:82,1
DA:83,1
DA:84,2
DA:85,2
DA:86,2
DA:87,2
DA:88,1
DA:89,1
DA:90,2
DA:91,2
DA:92,2
DA:93,2
DA:94,2
DA:95,1
DA:96,1
DA:97,1
DA:98,1
DA:99,1
DA:100,1
DA:101,0
DA:102,0
DA:103,0
DA:104,0
DA:105,1
DA:106,1
DA:107,1
DA:108,1
DA:109,1
DA:110,1
DA:111,1
DA:112,1
DA:113,0
DA:114,0
DA:115,0
DA:116,1
DA:117,1
DA:118,1
DA:119,1
DA:120,0
DA:121,0
DA:122,0
DA:123,0
DA:124,0
DA:125,0
DA:126,1
LH:107
LF:126
end_of_record
SF:src\installer.js
FN:32,csvzallInstallTarget
FN:47,isChecksumAssetName
FN:51,isZipAssetName
FN:55,sha256Hex
FN:59,checksumFromReleaseAssetDigest
FN:65,parseSha256ChecksumText
FN:101,assetList
FN:105,hasAnyLabel
FN:106,anonymous_8
FN:109,scoreAsset
FN:135,selectCsvzallReleaseAsset
FN:137,anonymous_11
FN:138,anonymous_12
FN:139,anonymous_13
FN:145,anonymous_14
FN:152,selectCsvzallChecksumAsset
FN:153,anonymous_16
FN:156,anonymous_17
FN:157,anonymous_18
FN:162,fetchUrlAsBuffer
FN:196,sanitizePathSegment
FN:200,findEndOfCentralDirectory
FN:210,zipEntryBasename
FN:214,readZipEntries
FN:250,readZipEntryBytes
FN:276,extractCsvzallExecutableFromZip
FN:279,anonymous_26
FN:281,anonymous_27
FN:297,installCsvzallBinary
FNDA:4,csvzallInstallTarget
FNDA:10,isChecksumAssetName
FNDA:10,isZipAssetName
FNDA:6,sha256Hex
FNDA:3,checksumFromReleaseAssetDigest
FNDA:3,parseSha256ChecksumText
FNDA:5,assetList
FNDA:11,hasAnyLabel
FNDA:15,anonymous_8
FNDA:8,scoreAsset
FNDA:4,selectCsvzallReleaseAsset
FNDA:8,anonymous_11
FNDA:8,anonymous_12
FNDA:0,anonymous_13
FNDA:0,anonymous_14
FNDA:1,selectCsvzallChecksumAsset
FNDA:2,anonymous_16
FNDA:1,anonymous_17
FNDA:1,anonymous_18
FNDA:0,fetchUrlAsBuffer
FNDA:3,sanitizePathSegment
FNDA:1,findEndOfCentralDirectory
FNDA:1,zipEntryBasename
FNDA:1,readZipEntries
FNDA:1,readZipEntryBytes
FNDA:1,extractCsvzallExecutableFromZip
FNDA:1,anonymous_26
FNDA:0,anonymous_27
FNDA:3,installCsvzallBinary
FNF:29
FNH:25
BRDA:1,0,0,1
BRDA:32,1,0,4
BRDA:35,2,0,0
BRDA:47,3,0,10
BRDA:48,4,0,7
BRDA:51,5,0,10
BRDA:55,6,0,6
BRDA:59,7,0,3
BRDA:60,8,0,2
BRDA:60,9,0,1
BRDA:62,10,0,2
BRDA:62,11,0,1
BRDA:65,12,0,3
BRDA:72,13,0,0
BRDA:77,14,0,1
BRDA:80,15,0,0
BRDA:82,16,0,0
BRDA:85,17,0,2
BRDA:91,18,0,0
BRDA:93,19,0,0
BRDA:96,20,0,0
BRDA:98,21,0,0
BRDA:101,22,0,5
BRDA:102,23,0,0
BRDA:105,24,0,11
BRDA:106,25,0,15
BRDA:109,26,0,8
BRDA:110,27,0,0
BRDA:111,28,0,6
BRDA:111,29,0,2
BRDA:113,30,0,6
BRDA:114,31,0,0
BRDA:116,32,0,6
BRDA:117,33,0,5
BRDA:117,34,0,2
BRDA:119,35,0,4
BRDA:122,36,0,3
BRDA:122,37,0,1
BRDA:124,38,0,4
BRDA:125,39,0,2
BRDA:127,40,0,4
BRDA:128,41,0,0
BRDA:130,42,0,4
BRDA:135,43,0,4
BRDA:143,44,0,0
BRDA:148,45,0,0
BRDA:137,46,0,8
BRDA:138,47,0,8
BRDA:152,48,0,1
BRDA:154,49,0,0
BRDA:157,50,0,0
BRDA:158,51,0,0
BRDA:153,52,0,2
BRDA:153,53,0,0
BRDA:156,54,0,1
BRDA:156,55,0,0
BRDA:157,56,0,1
BRDA:157,57,0,0
BRDA:196,58,0,3
BRDA:197,59,0,0
BRDA:197,60,0,0
BRDA:200,61,0,1
BRDA:206,62,0,0
BRDA:210,63,0,1
BRDA:211,64,0,0
BRDA:214,65,0,1
BRDA:222,66,0,0
BRDA:250,67,0,1
BRDA:252,68,0,0
BRDA:264,69,0,0
BRDA:276,70,0,1
BRDA:280,71,0,0
BRDA:279,72,0,1
BRDA:297,73,0,3
BRDA:304,74,0,0
BRDA:316,75,0,1
BRDA:325,76,0,0
BRDA:328,77,0,0
BRDA:334,78,0,0
BRDA:334,79,0,0
BRDA:338,80,0,1
BRDA:339,81,0,2
BRDA:344,82,0,1
BRF:83
BRH:50
DA:1,1
DA:2,1
DA:3,1
DA:4,1
DA:5,1
DA:6,1
DA:7,1
DA:8,1
DA:9,1
DA:10,1
DA:11,1
DA:12,1
DA:13,1
DA:14,1
DA:15,1
DA:16,1
DA:17,1
DA:18,1
DA:19,1
DA:20,1
DA:21,1
DA:22,1
DA:23,1
DA:24,1
DA:25,1
DA:26,1
DA:27,1
DA:28,1
DA:29,1
DA:30,1
DA:31,1
DA:32,1
DA:33,4
DA:34,4
DA:35,4
DA:36,0
DA:37,0
DA:38,4
DA:39,4
DA:40,4
DA:41,4
DA:42,4
DA:43,4
DA:44,4
DA:45,4
DA:46,1
DA:47,1
DA:48,10
DA:49,10
DA:50,1
DA:51,1
DA:52,10
DA:53,10
DA:54,1
DA:55,1
DA:56,6
DA:57,6
DA:58,1
DA:59,1
DA:60,3
DA:61,3
DA:62,3
DA:63,3
DA:64,1
DA:65,1
DA:66,3
DA:67,3
DA:68,3
DA:69,3
DA:70,3
DA:71,3
DA:72,3
DA:73,0
DA:74,0
DA:75,3
DA:76,3
DA:77,3
DA:78,1
DA:79,1
DA:80,1
DA:81,1
DA:82,1
DA:83,0
DA:84,0
DA:85,0
DA:86,2
DA:87,2
DA:88,2
DA:89,2
DA:90,2
DA:91,2
DA:92,2
DA:93,2
DA:94,0
DA:95,0
DA:96,3
DA:97,0
DA:98,3
DA:99,3
DA:100,1
DA:101,5
DA:102,5
DA:103,5
DA:104,1
DA:105,11
DA:106,11
DA:107,11
DA:108,1
DA:109,8
DA:110,8
DA:111,8
DA:112,2
DA:113,2
DA:114,8
DA:115,0
DA:116,0
DA:117,8
DA:118,2
DA:119,2
DA:120,4
DA:121,4
DA:122,8
DA:123,1
DA:124,1
DA:125,8
DA:126,2
DA:127,2
DA:128,8
DA:129,0
DA:130,0
DA:131,4
DA:132,4
DA:133,8
DA:134,1
DA:135,1
DA:136,4
DA:137,4
DA:138,4
DA:139,4
DA:140,4
DA:141,4
DA:142,4
DA:143,4
DA:144,0
DA:145,0
DA:146,0
DA:147,0
DA:148,4
DA:149,4
DA:150,4
DA:151,1
DA:152,1
DA:153,1
DA:154,1
DA:155,1
DA:156,1
DA:157,1
DA:158,1
DA:159,1
DA:160,1
DA:161,1
DA:162,1
DA:163,0
DA:164,0
DA:165,0
DA:166,0
DA:167,0
DA:168,0
DA:169,0
DA:170,0
DA:171,0
DA:172,0
DA:173,0
DA:174,0
DA:175,0
DA:176,0
DA:177,0
DA:178,0
DA:179,0
DA:180,0
DA:181,0
DA:182,0
DA:183,0
DA:184,0
DA:185,0
DA:186,0
DA:187,0
DA:188,0
DA:189,0
DA:190,0
DA:191,0
DA:192,0
DA:193,0
DA:194,0
DA:195,1
DA:196,1
DA:197,3
DA:198,3
DA:199,1
DA:200,1
DA:201,1
DA:202,1
DA:203,1
DA:204,1
DA:205,1
DA:206,1
DA:207,0
DA:208,1
DA:209,1
DA:210,1
DA:211,1
DA:212,1
DA:213,1
DA:214,1
DA:215,1
DA:216,1
DA:217,1
DA:218,1
DA:219,1
DA:220,1
DA:221,1
DA:222,1
DA:223,0
DA:224,0
DA:225,1
DA:226,1
DA:227,1
DA:228,1
DA:229,1
DA:230,1
DA:231,1
DA:232,1
DA:233,1
DA:234,1
DA:235,1
DA:236,1
DA:237,1
DA:238,1
DA:239,1
DA:240,1
DA:241,1
DA:242,1
DA:243,1
DA:244,1
DA:245,1
DA:246,1
DA:247,1
DA:248,1
DA:249,1
DA:250,1
DA:251,1
DA:252,1
DA:253,0
DA:254,0
DA:255,1
DA:256,1
DA:257,1
DA:258,1
DA:259,1
DA:260,1
DA:261,1
DA:262,1
DA:263,1
DA:264,1
DA:265,0
DA:266,0
DA:267,0
DA:268,0
DA:269,0
DA:270,0
DA:271,0
DA:272,0
DA:273,0
DA:274,1
DA:275,1
DA:276,1
DA:277,1
DA:278,1
DA:279,1
DA:280,1
DA:281,0
DA:282,0
DA:283,0
DA:284,1
DA:285,1
DA:286,1
DA:287,1
DA:288,1
DA:289,1
DA:290,1
DA:291,1
DA:292,1
DA:293,1
DA:294,1
DA:295,1
DA:296,1
DA:297,1
DA:298,3
DA:299,3
DA:300,3
DA:301,3
DA:302,3
DA:303,3
DA:304,3
DA:305,0
DA:306,0
DA:307,3
DA:308,3
DA:309,3
DA:310,3
DA:311,3
DA:312,3
DA:313,3
DA:314,3
DA:315,3
DA:316,3
DA:317,1
DA:318,1
DA:319,1
DA:320,1
DA:321,1
DA:322,1
DA:323,1
DA:324,3
DA:325,3
DA:326,0
DA:327,0
DA:328,3
DA:329,0
DA:330,0
DA:331,0
DA:332,0
DA:333,3
DA:334,3
DA:335,3
DA:336,3
DA:337,3
DA:338,3
DA:339,3
DA:340,3
DA:341,3
DA:342,3
DA:343,3
DA:344,3
DA:345,1
DA:346,1
DA:347,3
DA:348,3
DA:349,3
DA:350,3
DA:351,3
DA:352,3
DA:353,3
DA:354,3
DA:355,3
DA:356,3
DA:357,3
DA:358,3
LH:283
LF:358
end_of_record
SF:src\viewerHelpers.js
FN:1,isAllowedViewerUrl
FN:13,stripOuterQuotes
FN:25,tailText
FN:32,isCsvzallDirtyStateMessage
FN:42,csvzallDirtyStateFromMessageEvent
FN:49,formatProcessFailure
FN:73,extractViewerUrl
FN:99,ViewerSessionRegistry
FN:104,add
FN:108,list
FN:112,clear
FN:117,detachHandle
FN:126,leafForHandle
FN:135,bindLeaf
FN:145,closeLeaf
FN:152,anonymous_15
FN:160,shutdownAll
FNDA:9,isAllowedViewerUrl
FNDA:3,stripOuterQuotes
FNDA:2,tailText
FNDA:8,isCsvzallDirtyStateMessage
FNDA:4,csvzallDirtyStateFromMessageEvent
FNDA:2,formatProcessFailure
FNDA:4,extractViewerUrl
FNDA:1,ViewerSessionRegistry
FNDA:2,add
FNDA:1,list
FNDA:1,clear
FNDA:0,detachHandle
FNDA:1,leafForHandle
FNDA:2,bindLeaf
FNDA:1,closeLeaf
FNDA:2,anonymous_15
FNDA:1,shutdownAll
FNF:17
FNH:16
BRDA:1,0,0,1
BRDA:1,1,0,9
BRDA:4,2,0,8
BRDA:5,3,0,7
BRDA:6,4,0,3
BRDA:8,5,0,0
BRDA:13,6,0,3
BRDA:18,7,0,1
BRDA:18,8,0,2
BRDA:18,9,0,1
BRDA:18,10,0,2
BRDA:21,11,0,1
BRDA:25,12,0,2
BRDA:28,13,0,0
BRDA:32,14,0,8
BRDA:34,15,0,7
BRDA:35,16,0,7
BRDA:36,17,0,6
BRDA:37,18,0,6
BRDA:42,19,0,4
BRDA:43,20,0,3
BRDA:43,21,0,2
BRDA:43,22,0,3
BRDA:45,23,0,1
BRDA:49,24,0,2
BRDA:51,25,0,1
BRDA:56,26,0,0
BRDA:56,27,0,0
BRDA:56,28,0,1
BRDA:59,29,0,0
BRDA:61,30,0,1
BRDA:67,31,0,0
BRDA:69,32,0,1
BRDA:73,33,0,4
BRDA:76,34,0,0
BRDA:82,35,0,2
BRDA:82,36,0,1
BRDA:85,37,0,2
BRDA:87,38,0,3
BRDA:90,39,0,1
BRDA:93,40,0,2
BRDA:99,41,0,1
BRDA:104,42,0,2
BRDA:108,43,0,1
BRDA:112,44,0,1
BRDA:126,45,0,1
BRDA:128,46,0,0
BRDA:135,47,0,2
BRDA:137,48,0,0
BRDA:137,49,0,0
BRDA:137,50,0,0
BRDA:145,51,0,1
BRDA:146,52,0,0
BRDA:147,53,0,0
BRDA:152,54,0,2
BRDA:160,55,0,1
BRF:56
BRH:43
DA:1,1
DA:2,9
DA:3,9
DA:4,9
DA:5,9
DA:6,9
DA:7,9
DA:8,9
DA:9,0
DA:10,0
DA:11,9
DA:12,1
DA:13,1
DA:14,3
DA:15,3
DA:16,3
DA:17,3
DA:18,3
DA:19,2
DA:20,2
DA:21,3
DA:22,1
DA:23,3
DA:24,1
DA:25,1
DA:26,2
DA:27,2
DA:28,2
DA:29,0
DA:30,2
DA:31,1
DA:32,1
DA:33,8
DA:34,8
DA:35,8
DA:36,8
DA:37,8
DA:38,8
DA:39,8
DA:40,8
DA:41,1
DA:42,1
DA:43,4
DA:44,3
DA:45,3
DA:46,1
DA:47,4
DA:48,1
DA:49,1
DA:50,2
DA:51,2
DA:52,1
DA:53,1
DA:54,1
DA:55,1
DA:56,2
DA:57,2
DA:58,2
DA:59,2
DA:60,0
DA:61,0
DA:62,1
DA:63,1
DA:64,1
DA:65,1
DA:66,1
DA:67,2
DA:68,0
DA:69,0
DA:70,1
DA:71,2
DA:72,1
DA:73,1
DA:74,4
DA:75,4
DA:76,4
DA:77,0
DA:78,0
DA:79,4
DA:80,4
DA:81,4
DA:82,4
DA:83,1
DA:84,1
DA:85,4
DA:86,2
DA:87,2
DA:88,3
DA:89,3
DA:90,4
DA:91,1
DA:92,1
DA:93,4
DA:94,2
DA:95,2
DA:96,4
DA:97,1
DA:98,1
DA:99,1
DA:100,1
DA:101,1
DA:102,1
DA:103,1
DA:104,1
DA:105,2
DA:106,2
DA:107,1
DA:108,1
DA:109,1
DA:110,1
DA:111,1
DA:112,1
DA:113,1
DA:114,1
DA:115,1
DA:116,1
DA:117,1
DA:118,0
DA:119,0
DA:120,0
DA:121,0
DA:122,0
DA:123,0
DA:124,0
DA:125,1
DA:126,1
DA:127,1
DA:128,1
DA:129,0
DA:130,0
DA:131,1
DA:132,1
DA:133,1
DA:134,1
DA:135,1
DA:136,2
DA:137,2
DA:138,0
DA:139,0
DA:140,0
DA:141,0
DA:142,2
DA:143,2
DA:144,1
DA:145,1
DA:146,1
DA:147,1
DA:148,0
DA:149,0
DA:150,1
DA:151,1
DA:152,1
DA:153,1
DA:154,1
DA:155,1
DA:156,1
DA:157,1
DA:158,1
DA:159,1
DA:160,1
DA:161,1
DA:162,1
DA:163,1
DA:164,1
DA:165,1
DA:166,1
DA:167,1
LH:143
LF:167
end_of_record
